#
# There is insufficient memory for the Java Runtime Environment to continue.
# Native memory allocation (mmap) failed to map 132120576 bytes for G1 virtual space
# Possible reasons:
#   The system is out of physical RAM or swap space
#   The process is running with CompressedOops enabled, and the Java Heap may be blocking the growth of the native heap
# Possible solutions:
#   Reduce memory load on the system
#   Increase physical memory or swap space
#   Check if swap backing store is full
#   Decrease Java heap size (-Xmx/-Xms)
#   Decrease number of Java threads
#   Decrease Java thread stack sizes (-Xss)
#   Set larger code cache with -XX:ReservedCodeCacheSize=
#   JVM is running with Unscaled Compressed Oops mode in which the Java heap is
#     placed in the first 4GB address space. The Java Heap base address is the
#     maximum limit for the native heap growth. Please use -XX:HeapBaseMinAddress
#     to set the Java Heap base and to place the Java Heap above 4GB virtual address.
# This output file may be truncated or incomplete.
#
#  Out of Memory Error (os_windows.cpp:3600), pid=3320, tid=6216
#
# JRE version:  (21.0.2+13) (build )
# Java VM: Java HotSpot(TM) 64-Bit Server VM (21.0.2+13-LTS-58, mixed mode, sharing, tiered, compressed oops, compressed class ptrs, g1 gc, windows-amd64)
# No core dump will be written. Minidumps are not enabled by default on client versions of Windows
#

---------------  S U M M A R Y ------------

Command Line: --enable-preview -XX:+ShowCodeDetailsInExceptionMessages SignupThree

Host: Intel(R) Core(TM) i5-8365U CPU @ 1.60GHz, 8 cores, 7G,  Windows 10 , 64 bit Build 19041 (10.0.19041.3636)
Time: Wed Mar 27 00:09:43 2024 Pacific Daylight Time elapsed time: 0.034739 seconds (0d 0h 0m 0s)

---------------  T H R E A D  ---------------

Current thread (0x000001fe12759c20):  JavaThread "Unknown thread" [_thread_in_vm, id=6216, stack(0x0000002fc6600000,0x0000002fc6700000) (1024K)]

Stack: [0x0000002fc6600000,0x0000002fc6700000]
Native frames: (J=compiled Java code, j=interpreted, Vv=VM code, C=native code)
V  [jvm.dll+0x6cade9]
V  [jvm.dll+0x8569c1]
V  [jvm.dll+0x858d2e]
V  [jvm.dll+0x859413]
V  [jvm.dll+0x280e56]
V  [jvm.dll+0x6c74d5]
V  [jvm.dll+0x6bbeca]
V  [jvm.dll+0x355bca]
V  [jvm.dll+0x35d816]
V  [jvm.dll+0x3ae67e]
V  [jvm.dll+0x3ae928]
V  [jvm.dll+0x3295dc]
V  [jvm.dll+0x32a16b]
V  [jvm.dll+0x81efa9]
V  [jvm.dll+0x3bba01]
V  [jvm.dll+0x807928]
V  [jvm.dll+0x44f50e]
V  [jvm.dll+0x450e11]
C  [jli.dll+0x52a3]
C  [ucrtbase.dll+0x21bb2]
C  [KERNEL32.DLL+0x17344]
C  [ntdll.dll+0x526b1]


---------------  P R O C E S S  ---------------

Threads class SMR info:
_java_thread_list=0x00007ff8fb41bb88, length=0, elements={
}

Java Threads: ( => current thread )
Total: 0

Other Threads:
  0x000001fe14a5e010 WorkerThread "GC Thread#0"                     [id=1140, stack(0x0000002fc6700000,0x0000002fc6800000) (1024K)]
  0x000001fe14a6f5c0 ConcurrentGCThread "G1 Main Marker"            [id=16396, stack(0x0000002fc6800000,0x0000002fc6900000) (1024K)]
  0x000001fe14a70770 WorkerThread "G1 Conc#0"                       [id=5832, stack(0x0000002fc6900000,0x0000002fc6a00000) (1024K)]

[error occurred during error reporting (printing all threads), id 0xc0000005, EXCEPTION_ACCESS_VIOLATION (0xc0000005) at pc=0x00007ff8fab8c6a7]
VM state: not at safepoint (not fully initialized)

VM Mutex/Monitor currently owned by a thread:  ([mutex/lock_event])
[0x00007ff8fb48ce68] Heap_lock - owner thread: 0x000001fe12759c20

Heap address: 0x0000000083000000, size: 2000 MB, Compressed Oops mode: 32-bit

CDS archive(s) mapped at: [0x0000000000000000-0x0000000000000000-0x0000000000000000), size 0, SharedBaseAddress: 0x0000000800000000, ArchiveRelocationMode: 1.
Narrow klass base: 0x0000000000000000, Narrow klass shift: 0, Narrow klass range: 0x0

GC Precious Log:
 CardTable entry size: 512
 Card Set container configuration: InlinePtr #cards 5 size 8 Array Of Cards #cards 12 size 40 Howl #buckets 4 coarsen threshold 1843 Howl Bitmap #cards 512 size 80 coarsen threshold 460 Card regions per heap region 1 cards per card region 2048

Heap:
 garbage-first heap   total 0K, used 0K [0x0000000083000000, 0x0000000100000000)
  region size 1024K, 0 young (0K), 0 survivors (0K)

[error occurred during error reporting (printing heap information), id 0xc0000005, EXCEPTION_ACCESS_VIOLATION (0xc0000005) at pc=0x00007ff8faf739f9]
GC Heap History (0 events):
No events

Dll operation events (1 events):
Event: 0.011 Loaded shared library C:\Program Files\Java\jdk-21\bin\java.dll

Deoptimization events (0 events):
No events

Classes loaded (0 events):
No events

Classes unloaded (0 events):
No events

Classes redefined (0 events):
No events

Internal exceptions (0 events):
No events

ZGC Phase Switch (0 events):
No events

VM Operations (0 events):
No events

Events (0 events):
No events


Dynamic libraries:
0x00007ff79c2c0000 - 0x00007ff79c2d0000 	C:\Program Files\Java\jdk-21\bin\java.exe
0x00007ff95f590000 - 0x00007ff95f788000 	C:\WINDOWS\SYSTEM32\ntdll.dll
0x00007ff95ea30000 - 0x00007ff95eaed000 	C:\WINDOWS\System32\KERNEL32.DLL
0x00007ff95cf50000 - 0x00007ff95d246000 	C:\WINDOWS\System32\KERNELBASE.dll
0x00007ff95ce50000 - 0x00007ff95cf50000 	C:\WINDOWS\System32\ucrtbase.dll
0x00007ff940140000 - 0x00007ff940159000 	C:\Program Files\Java\jdk-21\bin\jli.dll
0x00007ff940120000 - 0x00007ff94013b000 	C:\Program Files\Java\jdk-21\bin\VCRUNTIME140.dll
0x00007ff95f4a0000 - 0x00007ff95f550000 	C:\WINDOWS\System32\ADVAPI32.dll
0x00007ff95e830000 - 0x00007ff95e8ce000 	C:\WINDOWS\System32\msvcrt.dll
0x00007ff95f260000 - 0x00007ff95f300000 	C:\WINDOWS\System32\sechost.dll
0x00007ff95e8d0000 - 0x00007ff95e9f5000 	C:\WINDOWS\System32\RPCRT4.dll
0x00007ff95d450000 - 0x00007ff95d477000 	C:\WINDOWS\System32\bcrypt.dll
0x00007ff95f300000 - 0x00007ff95f49e000 	C:\WINDOWS\System32\USER32.dll
0x00007ff95ce20000 - 0x00007ff95ce42000 	C:\WINDOWS\System32\win32u.dll
0x00007ff93afe0000 - 0x00007ff93b27a000 	C:\WINDOWS\WinSxS\amd64_microsoft.windows.common-controls_6595b64144ccf1df_6.0.19041.3636_none_60b6a03d71f818d5\COMCTL32.dll
0x00007ff95ea00000 - 0x00007ff95ea2b000 	C:\WINDOWS\System32\GDI32.dll
0x00007ff95cc40000 - 0x00007ff95cd57000 	C:\WINDOWS\System32\gdi32full.dll
0x00007ff95d3b0000 - 0x00007ff95d44d000 	C:\WINDOWS\System32\msvcp_win.dll
0x00007ff955160000 - 0x00007ff95516a000 	C:\WINDOWS\SYSTEM32\VERSION.dll
0x00007ff95e720000 - 0x00007ff95e752000 	C:\WINDOWS\System32\IMM32.DLL
0x00007ff9586b0000 - 0x00007ff9586bc000 	C:\Program Files\Java\jdk-21\bin\vcruntime140_1.dll
0x00007ff926e30000 - 0x00007ff926ebe000 	C:\Program Files\Java\jdk-21\bin\msvcp140.dll
0x00007ff8fa850000 - 0x00007ff8fb567000 	C:\Program Files\Java\jdk-21\bin\server\jvm.dll
0x00007ff95de70000 - 0x00007ff95dedb000 	C:\WINDOWS\System32\WS2_32.dll
0x00007ff95caa0000 - 0x00007ff95caeb000 	C:\WINDOWS\SYSTEM32\POWRPROF.dll
0x00007ff940b70000 - 0x00007ff940b97000 	C:\WINDOWS\SYSTEM32\WINMM.dll
0x00007ff95ca80000 - 0x00007ff95ca92000 	C:\WINDOWS\SYSTEM32\UMPDC.dll
0x00007ff95aaf0000 - 0x00007ff95ab02000 	C:\WINDOWS\SYSTEM32\kernel.appcore.dll
0x00007ff948a80000 - 0x00007ff948a8a000 	C:\Program Files\Java\jdk-21\bin\jimage.dll
0x00007ff957a90000 - 0x00007ff957c74000 	C:\WINDOWS\SYSTEM32\DBGHELP.DLL
0x00007ff940ed0000 - 0x00007ff940f04000 	C:\WINDOWS\SYSTEM32\dbgcore.DLL
0x00007ff95d480000 - 0x00007ff95d502000 	C:\WINDOWS\System32\bcryptPrimitives.dll
0x00007ff940100000 - 0x00007ff94011f000 	C:\Program Files\Java\jdk-21\bin\java.dll

dbghelp: loaded successfully - version: 4.0.5 - missing functions: none
symbol engine: initialized successfully - sym options: 0x614 - pdb path: .;C:\Program Files\Java\jdk-21\bin;C:\WINDOWS\SYSTEM32;C:\WINDOWS\WinSxS\amd64_microsoft.windows.common-controls_6595b64144ccf1df_6.0.19041.3636_none_60b6a03d71f818d5;C:\Program Files\Java\jdk-21\bin\server

VM Arguments:
jvm_args: --enable-preview -XX:+ShowCodeDetailsInExceptionMessages 
java_command: SignupThree
java_class_path (initial): C:\Users\admin\AppData\Roaming\Code\User\workspaceStorage\da11ea519467eba938fa58d47d4c133d\redhat.java\jdt_ws\java-pro_9479c01d\bin;d:\java project\java-pro\mysql-connector-java-8.0.28.jar;d:\java project\java-pro\jcalendar-tz-1.3.3-4.jar
Launcher Type: SUN_STANDARD

[Global flags]
     intx CICompilerCount                          = 4                                         {product} {ergonomic}
     uint ConcGCThreads                            = 2                                         {product} {ergonomic}
     uint G1ConcRefinementThreads                  = 8                                         {product} {ergonomic}
   size_t G1HeapRegionSize                         = 1048576                                   {product} {ergonomic}
    uintx GCDrainStackTargetSize                   = 64                                        {product} {ergonomic}
   size_t InitialHeapSize                          = 132120576                                 {product} {ergonomic}
   size_t MarkStackSize                            = 4194304                                   {product} {ergonomic}
   size_t MaxHeapSize                              = 2097152000                                {product} {ergonomic}
   size_t MinHeapDeltaBytes                        = 1048576                                   {product} {ergonomic}
   size_t MinHeapSize                              = 8388608                                   {product} {ergonomic}
    uintx NonNMethodCodeHeapSize                   = 5839372                                {pd product} {ergonomic}
    uintx NonProfiledCodeHeapSize                  = 122909434                              {pd product} {ergonomic}
    uintx ProfiledCodeHeapSize                     = 122909434                              {pd product} {ergonomic}
    uintx ReservedCodeCacheSize                    = 251658240                              {pd product} {ergonomic}
     bool SegmentedCodeCache                       = true                                      {product} {ergonomic}
     bool ShowCodeDetailsInExceptionMessages       = true                                   {manageable} {command line}
   size_t SoftMaxHeapSize                          = 2097152000                             {manageable} {ergonomic}
     bool UseCompressedOops                        = true                           {product lp64_product} {ergonomic}
     bool UseG1GC                                  = true                                      {product} {ergonomic}
     bool UseLargePagesIndividualAllocation        = false                                  {pd product} {ergonomic}

Logging:
Log output configuration:
 #0: stdout all=warning uptime,level,tags foldmultilines=false
 #1: stderr all=off uptime,level,tags foldmultilines=false

Environment Variables:
PATH=C:\Program Files\Common Files\Oracle\Java\javapath;C:\WINDOWS\system32;C:\WINDOWS;C:\WINDOWS\System32\Wbem;C:\WINDOWS\System32\WindowsPowerShell\v1.0\;C:\WINDOWS\System32\OpenSSH\;C:\Program Files\Java\jdk-21\bin;C:\Program Files\MySQL\MySQL Server 8.0\bin;C:\Program Files\MySQL\MySQL Shell 8.0\bin\;C:\Users\admin\AppData\Local\Microsoft\WindowsApps;C:\Users\admin\AppData\Local\Programs\Microsoft VS Code\bin;C:\Program Files\Java\jdk-21\bin;C:\Program Files\MySQL\MySQL Server 8.0\bin;
USERNAME=admin
LANG=en_US.UTF-8
OS=Windows_NT
PROCESSOR_IDENTIFIER=Intel64 Family 6 Model 142 Stepping 12, GenuineIntel
TMP=C:\Users\admin\AppData\Local\Temp
TEMP=C:\Users\admin\AppData\Local\Temp




Periodic native trim disabled

---------------  S Y S T E M  ---------------

OS:
 Windows 10 , 64 bit Build 19041 (10.0.19041.3636)
OS uptime: 8 days 12:57 hours

CPU: total 8 (initial active 8) (4 cores per cpu, 2 threads per core) family 6 model 142 stepping 12 microcode 0xf8, cx8, cmov, fxsr, ht, mmx, 3dnowpref, sse, sse2, sse3, ssse3, sse4.1, sse4.2, popcnt, lzcnt, tsc, tscinvbit, avx, avx2, aes, erms, clmul, bmi1, bmi2, adx, fma, vzeroupper, clflush, clflushopt, rdtscp, f16c
Processor Information for processor 0
  Max Mhz: 1896, Current Mhz: 1496, Mhz Limit: 1592
Processor Information for processor 1
  Max Mhz: 1896, Current Mhz: 1496, Mhz Limit: 1592
Processor Information for processor 2
  Max Mhz: 1896, Current Mhz: 1496, Mhz Limit: 1592
Processor Information for processor 3
  Max Mhz: 1896, Current Mhz: 1496, Mhz Limit: 1592
Processor Information for processor 4
  Max Mhz: 1896, Current Mhz: 1596, Mhz Limit: 1592
Processor Information for processor 5
  Max Mhz: 1896, Current Mhz: 1496, Mhz Limit: 1592
Processor Information for processor 6
  Max Mhz: 1896, Current Mhz: 1596, Mhz Limit: 1592
Processor Information for processor 7
  Max Mhz: 1896, Current Mhz: 1496, Mhz Limit: 1592

Memory: 4k page, system-wide physical 7998M (1340M free)
TotalPageFile size 17091M (AvailPageFile size 55M)
current process WorkingSet (physical memory assigned to process): 10M, peak: 10M
current process commit charge ("private bytes"): 60M, peak: 186M

vm_info: Java HotSpot(TM) 64-Bit Server VM (21.0.2+13-LTS-58) for windows-amd64 JRE (21.0.2+13-LTS-58), built on 2024-01-05T18:32:24Z by "mach5one" with MS VC++ 17.1 (VS2022)

END.
